  DocFile.cpp
D:\Study\Dữ Liệu Học Tập\IT\OPENGL\Code\Real_time_rendering - Copy\docFileVRML.h(40,45): warning C4267: '=': conversion from 'size_t' to 'int', possible loss of data
  (compiling source file 'DocFile.cpp')
  
D:\Study\Dữ Liệu Học Tập\IT\OPENGL\Code\Real_time_rendering - Copy\docFileVRML.h(84,42): warning C4101: 'ex': unreferenced local variable
  (compiling source file 'DocFile.cpp')
  
D:\Study\Dữ Liệu Học Tập\IT\OPENGL\Code\Real_time_rendering - Copy\docFileVRML.h(108,42): warning C4101: 'ex': unreferenced local variable
  (compiling source file 'DocFile.cpp')
  
D:\Study\Dữ Liệu Học Tập\IT\OPENGL\Code\Real_time_rendering - Copy\docFileVRML.h(167,46): warning C4101: 'ex': unreferenced local variable
  (compiling source file 'DocFile.cpp')
  
D:\Study\Dữ Liệu Học Tập\IT\OPENGL\Code\Real_time_rendering - Copy\docFileVRML.h(206,42): warning C4101: 'ex': unreferenced local variable
  (compiling source file 'DocFile.cpp')
  
D:\Study\Dữ Liệu Học Tập\IT\OPENGL\Code\Real_time_rendering - Copy\DocFile.cpp(19,3): warning C4305: 'initializing': truncation from 'double' to 'float'
D:\Study\Dữ Liệu Học Tập\IT\OPENGL\Code\Real_time_rendering - Copy\DocFile.cpp(19,14): warning C4305: 'initializing': truncation from 'double' to 'float'
D:\Study\Dữ Liệu Học Tập\IT\OPENGL\Code\Real_time_rendering - Copy\DocFile.cpp(19,22): warning C4305: 'initializing': truncation from 'double' to 'float'
D:\Study\Dữ Liệu Học Tập\IT\OPENGL\Code\Real_time_rendering - Copy\DocFile.cpp(19,31): warning C4305: 'initializing': truncation from 'double' to 'float'
D:\Study\Dữ Liệu Học Tập\IT\OPENGL\Code\Real_time_rendering - Copy\DocFile.cpp(19,40): warning C4305: 'initializing': truncation from 'double' to 'float'
D:\Study\Dữ Liệu Học Tập\IT\OPENGL\Code\Real_time_rendering - Copy\DocFile.cpp(20,4): warning C4305: 'initializing': truncation from 'double' to 'float'
D:\Study\Dữ Liệu Học Tập\IT\OPENGL\Code\Real_time_rendering - Copy\DocFile.cpp(20,16): warning C4305: 'initializing': truncation from 'double' to 'float'
D:\Study\Dữ Liệu Học Tập\IT\OPENGL\Code\Real_time_rendering - Copy\DocFile.cpp(20,24): warning C4305: 'initializing': truncation from 'double' to 'float'
D:\Study\Dữ Liệu Học Tập\IT\OPENGL\Code\Real_time_rendering - Copy\DocFile.cpp(20,33): warning C4305: 'initializing': truncation from 'double' to 'float'
D:\Study\Dữ Liệu Học Tập\IT\OPENGL\Code\Real_time_rendering - Copy\DocFile.cpp(20,42): warning C4305: 'initializing': truncation from 'double' to 'float'
D:\Study\Dữ Liệu Học Tập\IT\OPENGL\Code\Real_time_rendering - Copy\DocFile.cpp(21,4): warning C4305: 'initializing': truncation from 'double' to 'float'
D:\Study\Dữ Liệu Học Tập\IT\OPENGL\Code\Real_time_rendering - Copy\DocFile.cpp(21,16): warning C4305: 'initializing': truncation from 'double' to 'float'
D:\Study\Dữ Liệu Học Tập\IT\OPENGL\Code\Real_time_rendering - Copy\DocFile.cpp(21,23): warning C4305: 'initializing': truncation from 'double' to 'float'
D:\Study\Dữ Liệu Học Tập\IT\OPENGL\Code\Real_time_rendering - Copy\DocFile.cpp(21,32): warning C4305: 'initializing': truncation from 'double' to 'float'
D:\Study\Dữ Liệu Học Tập\IT\OPENGL\Code\Real_time_rendering - Copy\DocFile.cpp(21,41): warning C4305: 'initializing': truncation from 'double' to 'float'
D:\Study\Dữ Liệu Học Tập\IT\OPENGL\Code\Real_time_rendering - Copy\DocFile.cpp(22,4): warning C4305: 'initializing': truncation from 'double' to 'float'
D:\Study\Dữ Liệu Học Tập\IT\OPENGL\Code\Real_time_rendering - Copy\DocFile.cpp(22,16): warning C4305: 'initializing': truncation from 'double' to 'float'
D:\Study\Dữ Liệu Học Tập\IT\OPENGL\Code\Real_time_rendering - Copy\DocFile.cpp(22,24): warning C4305: 'initializing': truncation from 'double' to 'float'
D:\Study\Dữ Liệu Học Tập\IT\OPENGL\Code\Real_time_rendering - Copy\DocFile.cpp(22,33): warning C4305: 'initializing': truncation from 'double' to 'float'
D:\Study\Dữ Liệu Học Tập\IT\OPENGL\Code\Real_time_rendering - Copy\DocFile.cpp(22,42): warning C4305: 'initializing': truncation from 'double' to 'float'
D:\Study\Dữ Liệu Học Tập\IT\OPENGL\Code\Real_time_rendering - Copy\DocFile.cpp(23,4): warning C4305: 'initializing': truncation from 'double' to 'float'
D:\Study\Dữ Liệu Học Tập\IT\OPENGL\Code\Real_time_rendering - Copy\DocFile.cpp(23,14): warning C4305: 'initializing': truncation from 'double' to 'float'
D:\Study\Dữ Liệu Học Tập\IT\OPENGL\Code\Real_time_rendering - Copy\DocFile.cpp(23,21): warning C4305: 'initializing': truncation from 'double' to 'float'
D:\Study\Dữ Liệu Học Tập\IT\OPENGL\Code\Real_time_rendering - Copy\DocFile.cpp(23,30): warning C4305: 'initializing': truncation from 'double' to 'float'
D:\Study\Dữ Liệu Học Tập\IT\OPENGL\Code\Real_time_rendering - Copy\DocFile.cpp(23,39): warning C4305: 'initializing': truncation from 'double' to 'float'
D:\Study\Dữ Liệu Học Tập\IT\OPENGL\Code\Real_time_rendering - Copy\DocFile.cpp(24,3): warning C4305: 'initializing': truncation from 'double' to 'float'
D:\Study\Dữ Liệu Học Tập\IT\OPENGL\Code\Real_time_rendering - Copy\DocFile.cpp(24,13): warning C4305: 'initializing': truncation from 'double' to 'float'
D:\Study\Dữ Liệu Học Tập\IT\OPENGL\Code\Real_time_rendering - Copy\DocFile.cpp(24,20): warning C4305: 'initializing': truncation from 'double' to 'float'
D:\Study\Dữ Liệu Học Tập\IT\OPENGL\Code\Real_time_rendering - Copy\DocFile.cpp(24,29): warning C4305: 'initializing': truncation from 'double' to 'float'
D:\Study\Dữ Liệu Học Tập\IT\OPENGL\Code\Real_time_rendering - Copy\DocFile.cpp(24,38): warning C4305: 'initializing': truncation from 'double' to 'float'
D:\Study\Dữ Liệu Học Tập\IT\OPENGL\Code\Real_time_rendering - Copy\DocFile.cpp(25,9): warning C4305: 'initializing': truncation from 'double' to 'float'
D:\Study\Dữ Liệu Học Tập\IT\OPENGL\Code\Real_time_rendering - Copy\DocFile.cpp(25,18): warning C4305: 'initializing': truncation from 'double' to 'float'
D:\Study\Dữ Liệu Học Tập\IT\OPENGL\Code\Real_time_rendering - Copy\DocFile.cpp(25,26): warning C4305: 'initializing': truncation from 'double' to 'float'
D:\Study\Dữ Liệu Học Tập\IT\OPENGL\Code\Real_time_rendering - Copy\DocFile.cpp(25,35): warning C4305: 'initializing': truncation from 'double' to 'float'
D:\Study\Dữ Liệu Học Tập\IT\OPENGL\Code\Real_time_rendering - Copy\DocFile.cpp(25,44): warning C4305: 'initializing': truncation from 'double' to 'float'
D:\Study\Dữ Liệu Học Tập\IT\OPENGL\Code\Real_time_rendering - Copy\DocFile.cpp(26,9): warning C4305: 'initializing': truncation from 'double' to 'float'
D:\Study\Dữ Liệu Học Tập\IT\OPENGL\Code\Real_time_rendering - Copy\DocFile.cpp(26,16): warning C4305: 'initializing': truncation from 'double' to 'float'
D:\Study\Dữ Liệu Học Tập\IT\OPENGL\Code\Real_time_rendering - Copy\DocFile.cpp(26,24): warning C4305: 'initializing': truncation from 'double' to 'float'
D:\Study\Dữ Liệu Học Tập\IT\OPENGL\Code\Real_time_rendering - Copy\DocFile.cpp(26,33): warning C4305: 'initializing': truncation from 'double' to 'float'
D:\Study\Dữ Liệu Học Tập\IT\OPENGL\Code\Real_time_rendering - Copy\DocFile.cpp(26,42): warning C4305: 'initializing': truncation from 'double' to 'float'
D:\Study\Dữ Liệu Học Tập\IT\OPENGL\Code\Real_time_rendering - Copy\DocFile.cpp(27,4): warning C4305: 'initializing': truncation from 'double' to 'float'
D:\Study\Dữ Liệu Học Tập\IT\OPENGL\Code\Real_time_rendering - Copy\DocFile.cpp(27,11): warning C4305: 'initializing': truncation from 'double' to 'float'
D:\Study\Dữ Liệu Học Tập\IT\OPENGL\Code\Real_time_rendering - Copy\DocFile.cpp(27,18): warning C4305: 'initializing': truncation from 'double' to 'float'
D:\Study\Dữ Liệu Học Tập\IT\OPENGL\Code\Real_time_rendering - Copy\DocFile.cpp(27,26): warning C4305: 'initializing': truncation from 'double' to 'float'
D:\Study\Dữ Liệu Học Tập\IT\OPENGL\Code\Real_time_rendering - Copy\DocFile.cpp(27,35): warning C4305: 'initializing': truncation from 'double' to 'float'
D:\Study\Dữ Liệu Học Tập\IT\OPENGL\Code\Real_time_rendering - Copy\DocFile.cpp(27,44): warning C4305: 'initializing': truncation from 'double' to 'float'
D:\Study\Dữ Liệu Học Tập\IT\OPENGL\Code\Real_time_rendering - Copy\DocFile.cpp(28,9): warning C4305: 'initializing': truncation from 'double' to 'float'
D:\Study\Dữ Liệu Học Tập\IT\OPENGL\Code\Real_time_rendering - Copy\DocFile.cpp(28,16): warning C4305: 'initializing': truncation from 'double' to 'float'
D:\Study\Dữ Liệu Học Tập\IT\OPENGL\Code\Real_time_rendering - Copy\DocFile.cpp(28,23): warning C4305: 'initializing': truncation from 'double' to 'float'
D:\Study\Dữ Liệu Học Tập\IT\OPENGL\Code\Real_time_rendering - Copy\DocFile.cpp(28,32): warning C4305: 'initializing': truncation from 'double' to 'float'
D:\Study\Dữ Liệu Học Tập\IT\OPENGL\Code\Real_time_rendering - Copy\DocFile.cpp(28,41): warning C4305: 'initializing': truncation from 'double' to 'float'
D:\Study\Dữ Liệu Học Tập\IT\OPENGL\Code\Real_time_rendering - Copy\DocFile.cpp(43,17): warning C4267: '=': conversion from 'size_t' to 'int', possible loss of data
D:\Study\Dữ Liệu Học Tập\IT\OPENGL\Code\Real_time_rendering - Copy\DocFile.cpp(73,25): warning C4305: 'argument': truncation from 'double' to 'GLfloat'
D:\Study\Dữ Liệu Học Tập\IT\OPENGL\Code\Real_time_rendering - Copy\DocFile.cpp(73,20): warning C4305: 'argument': truncation from 'double' to 'GLfloat'
D:\Study\Dữ Liệu Học Tập\IT\OPENGL\Code\Real_time_rendering - Copy\DocFile.cpp(73,15): warning C4305: 'argument': truncation from 'double' to 'GLfloat'
  Display.cpp
D:\Study\Dữ Liệu Học Tập\IT\OPENGL\Code\Real_time_rendering - Copy\Libraries\include\Graphics\Display.cpp(32,22): warning C4244: '=': conversion from 'double' to 'int', possible loss of data
D:\Study\Dữ Liệu Học Tập\IT\OPENGL\Code\Real_time_rendering - Copy\Libraries\include\Graphics\Display.cpp(33,24): warning C4244: '=': conversion from 'double' to 'int', possible loss of data
D:\Study\Dữ Liệu Học Tập\IT\OPENGL\Code\Real_time_rendering - Copy\Libraries\include\Graphics\Display.cpp(59,25): warning C4244: '=': conversion from 'double' to 'int', possible loss of data
  Mesh.cpp
D:\Study\Dữ Liệu Học Tập\IT\OPENGL\Code\Real_time_rendering - Copy\Libraries\include\Graphics\Mesh.cpp(19,21): warning C4267: '=': conversion from 'size_t' to 'int', possible loss of data
  Main.cpp
D:\Study\Dữ Liệu Học Tập\IT\OPENGL\Code\Real_time_rendering - Copy\docFileVRML.h(40,45): warning C4267: '=': conversion from 'size_t' to 'int', possible loss of data
  (compiling source file 'Main.cpp')
  
D:\Study\Dữ Liệu Học Tập\IT\OPENGL\Code\Real_time_rendering - Copy\docFileVRML.h(84,42): warning C4101: 'ex': unreferenced local variable
  (compiling source file 'Main.cpp')
  
D:\Study\Dữ Liệu Học Tập\IT\OPENGL\Code\Real_time_rendering - Copy\docFileVRML.h(108,42): warning C4101: 'ex': unreferenced local variable
  (compiling source file 'Main.cpp')
  
D:\Study\Dữ Liệu Học Tập\IT\OPENGL\Code\Real_time_rendering - Copy\docFileVRML.h(167,46): warning C4101: 'ex': unreferenced local variable
  (compiling source file 'Main.cpp')
  
D:\Study\Dữ Liệu Học Tập\IT\OPENGL\Code\Real_time_rendering - Copy\docFileVRML.h(206,42): warning C4101: 'ex': unreferenced local variable
  (compiling source file 'Main.cpp')
  
  Generating Code...
glfw3.lib(input.obj) : warning LNK4099: PDB '' was not found with 'glfw3.lib(input.obj)' or at ''; linking object as if no debug info
glfw3.lib(init.obj) : warning LNK4099: PDB '' was not found with 'glfw3.lib(init.obj)' or at ''; linking object as if no debug info
glfw3.lib(monitor.obj) : warning LNK4099: PDB '' was not found with 'glfw3.lib(monitor.obj)' or at ''; linking object as if no debug info
glfw3.lib(window.obj) : warning LNK4099: PDB '' was not found with 'glfw3.lib(window.obj)' or at ''; linking object as if no debug info
glfw3.lib(context.obj) : warning LNK4099: PDB '' was not found with 'glfw3.lib(context.obj)' or at ''; linking object as if no debug info
glfw3.lib(win32_window.obj) : warning LNK4099: PDB '' was not found with 'glfw3.lib(win32_window.obj)' or at ''; linking object as if no debug info
glfw3.lib(win32_joystick.obj) : warning LNK4099: PDB '' was not found with 'glfw3.lib(win32_joystick.obj)' or at ''; linking object as if no debug info
glfw3.lib(win32_time.obj) : warning LNK4099: PDB '' was not found with 'glfw3.lib(win32_time.obj)' or at ''; linking object as if no debug info
glfw3.lib(win32_init.obj) : warning LNK4099: PDB '' was not found with 'glfw3.lib(win32_init.obj)' or at ''; linking object as if no debug info
glfw3.lib(win32_monitor.obj) : warning LNK4099: PDB '' was not found with 'glfw3.lib(win32_monitor.obj)' or at ''; linking object as if no debug info
glfw3.lib(win32_thread.obj) : warning LNK4099: PDB '' was not found with 'glfw3.lib(win32_thread.obj)' or at ''; linking object as if no debug info
glfw3.lib(vulkan.obj) : warning LNK4099: PDB '' was not found with 'glfw3.lib(vulkan.obj)' or at ''; linking object as if no debug info
glfw3.lib(wgl_context.obj) : warning LNK4099: PDB '' was not found with 'glfw3.lib(wgl_context.obj)' or at ''; linking object as if no debug info
glfw3.lib(egl_context.obj) : warning LNK4099: PDB '' was not found with 'glfw3.lib(egl_context.obj)' or at ''; linking object as if no debug info
glfw3.lib(osmesa_context.obj) : warning LNK4099: PDB '' was not found with 'glfw3.lib(osmesa_context.obj)' or at ''; linking object as if no debug info
  Real_time_rendering.vcxproj -> D:\Study\Dữ Liệu Học Tập\IT\OPENGL\Code\Real_time_rendering - Copy\x64\Debug\Real_time_rendering.exe
